<?xml version="1.0" encoding="UTF-8"?>
<!-- Generated by org.testng.reporters.JUnitXMLReporter -->
<testsuite hostname="DESKTOP-K766CG4" ignored="0" name="Command line test" tests="6" failures="0" timestamp="2020-04-01T13:09:13 IST" time="0.156" errors="0">
  <testcase name="ISOapp" time="0.012" classname="qaclickacademy.AppiumTest"/>
  <testcase name="neativeapp" time="0.0" classname="qaclickacademy.AppiumTest"/>
  <testcase name="deletetwitter" time="0.0" classname="qaclickacademy.RESTAPITest"/>
  <testcase name="postjira" time="0.0" classname="qaclickacademy.RESTAPITest"/>
  <testcase name="browserauto" time="0.0" classname="qaclickacademy.SeleniumTest"/>
  <testcase name="elementsui" time="0.0" classname="qaclickacademy.SeleniumTest"/>
</testsuite> <!-- Command line test -->
