<?xml version="1.0" encoding="UTF-8"?>
<!-- Generated by org.testng.reporters.JUnitXMLReporter -->
<testsuite hostname="DESKTOP-K766CG4" ignored="0" name="Test" tests="4" failures="0" timestamp="2020-03-31T20:15:30 IST" time="0.11" errors="0">
  <testcase name="deletetwitter" time="0.016" classname="qaclickacademy.RESTAPI"/>
  <testcase name="postjira" time="0.0" classname="qaclickacademy.RESTAPI"/>
  <testcase name="browserauto" time="0.0" classname="qaclickacademy.SeleniumTest"/>
  <testcase name="elementsui" time="0.0" classname="qaclickacademy.SeleniumTest"/>
</testsuite> <!-- Test -->
