<?xml version="1.0" encoding="UTF-8"?>
<testng-results skipped="0" failed="0" ignored="0" total="6" passed="6">
  <reporter-output>
  </reporter-output>
  <suite name="Command line suite" duration-ms="156" started-at="2020-04-01T13:09:13 IST" finished-at="2020-04-01T13:09:13 IST">
    <groups>
    </groups>
    <test name="Command line test" duration-ms="156" started-at="2020-04-01T13:09:13 IST" finished-at="2020-04-01T13:09:13 IST">
      <class name="qaclickacademy.AppiumTest">
        <test-method status="PASS" signature="ISOapp()[pri:0, instance:qaclickacademy.AppiumTest@13805618]" name="ISOapp" duration-ms="12" started-at="2020-04-01T13:09:13 IST" finished-at="2020-04-01T13:09:13 IST">
          <reporter-output>
          </reporter-output>
        </test-method> <!-- ISOapp -->
        <test-method status="PASS" signature="neativeapp()[pri:0, instance:qaclickacademy.AppiumTest@13805618]" name="neativeapp" duration-ms="0" started-at="2020-04-01T13:09:13 IST" finished-at="2020-04-01T13:09:13 IST">
          <reporter-output>
          </reporter-output>
        </test-method> <!-- neativeapp -->
      </class> <!-- qaclickacademy.AppiumTest -->
      <class name="qaclickacademy.RESTAPITest">
        <test-method status="PASS" signature="deletetwitter()[pri:0, instance:qaclickacademy.RESTAPITest@56ef9176]" name="deletetwitter" duration-ms="0" started-at="2020-04-01T13:09:13 IST" finished-at="2020-04-01T13:09:13 IST">
          <reporter-output>
          </reporter-output>
        </test-method> <!-- deletetwitter -->
        <test-method status="PASS" signature="postjira()[pri:0, instance:qaclickacademy.RESTAPITest@56ef9176]" name="postjira" duration-ms="0" started-at="2020-04-01T13:09:13 IST" finished-at="2020-04-01T13:09:13 IST">
          <reporter-output>
          </reporter-output>
        </test-method> <!-- postjira -->
      </class> <!-- qaclickacademy.RESTAPITest -->
      <class name="qaclickacademy.SeleniumTest">
        <test-method status="PASS" signature="browserauto()[pri:0, instance:qaclickacademy.SeleniumTest@4566e5bd]" name="browserauto" duration-ms="0" started-at="2020-04-01T13:09:13 IST" finished-at="2020-04-01T13:09:13 IST">
          <reporter-output>
          </reporter-output>
        </test-method> <!-- browserauto -->
        <test-method status="PASS" signature="elementsui()[pri:0, instance:qaclickacademy.SeleniumTest@4566e5bd]" name="elementsui" duration-ms="0" started-at="2020-04-01T13:09:13 IST" finished-at="2020-04-01T13:09:13 IST">
          <reporter-output>
          </reporter-output>
        </test-method> <!-- elementsui -->
      </class> <!-- qaclickacademy.SeleniumTest -->
    </test> <!-- Command line test -->
  </suite> <!-- Command line suite -->
</testng-results>
